This is pdfTeX, Version 3.14159265-2.6-1.40.19 (MiKTeX 2.9.6630 64-bit) (preloaded format=pdflatex 2018.3.27)  10 SEP 2018 03:14
entering extended mode
**./byi649.tex
(byi649.tex
LaTeX2e <2017-04-15>
Babel <3.18> and hyphenation patterns for 75 language(s) loaded.

("C:\Users\Benjamin Yi\AppData\Local\Programs\MiKTeX 2.9\tex\latex\base\article
.cls"
Document Class: article 2014/09/29 v1.4h Standard LaTeX document class

("C:\Users\Benjamin Yi\AppData\Local\Programs\MiKTeX 2.9\tex\latex\base\size10.
clo"
File: size10.clo 2014/09/29 v1.4h Standard LaTeX file (size option)
)
\c@part=\count79
\c@section=\count80
\c@subsection=\count81
\c@subsubsection=\count82
\c@paragraph=\count83
\c@subparagraph=\count84
\c@figure=\count85
\c@table=\count86
\abovecaptionskip=\skip41
\belowcaptionskip=\skip42
\bibindent=\dimen102
)
("C:\Users\Benjamin Yi\AppData\Local\Programs\MiKTeX 2.9\tex\latex\geometry\geo
metry.sty"
Package: geometry 2010/09/12 v5.6 Page Geometry

("C:\Users\Benjamin Yi\AppData\Local\Programs\MiKTeX 2.9\tex\latex\graphics\key
val.sty"
Package: keyval 2014/10/28 v1.15 key=value parser (DPC)
\KV@toks@=\toks14
)
("C:\Users\Benjamin Yi\AppData\Local\Programs\MiKTeX 2.9\tex\generic\oberdiek\i
fpdf.sty"
Package: ifpdf 2017/03/15 v3.2 Provides the ifpdf switch
)
("C:\Users\Benjamin Yi\AppData\Local\Programs\MiKTeX 2.9\tex\generic\oberdiek\i
fvtex.sty"
Package: ifvtex 2016/05/16 v1.6 Detect VTeX and its facilities (HO)
Package ifvtex Info: VTeX not detected.
)
("C:\Users\Benjamin Yi\AppData\Local\Programs\MiKTeX 2.9\tex\generic\ifxetex\if
xetex.sty"
Package: ifxetex 2010/09/12 v0.6 Provides ifxetex conditional
)
\Gm@cnth=\count87
\Gm@cntv=\count88
\c@Gm@tempcnt=\count89
\Gm@bindingoffset=\dimen103
\Gm@wd@mp=\dimen104
\Gm@odd@mp=\dimen105
\Gm@even@mp=\dimen106
\Gm@layoutwidth=\dimen107
\Gm@layoutheight=\dimen108
\Gm@layouthoffset=\dimen109
\Gm@layoutvoffset=\dimen110
\Gm@dimlist=\toks15

("C:\Users\Benjamin Yi\AppData\Local\Programs\MiKTeX 2.9\tex\latex\geometry\geo
metry.cfg"))
("C:\Users\Benjamin Yi\AppData\Local\Programs\MiKTeX 2.9\tex\latex\base\inputen
c.sty"
Package: inputenc 2015/03/17 v1.2c Input encoding file
\inpenc@prehook=\toks16
\inpenc@posthook=\toks17

("C:\Users\Benjamin Yi\AppData\Local\Programs\MiKTeX 2.9\tex\latex\base\latin1.
def"
File: latin1.def 2015/03/17 v1.2c Input encoding file
))
("C:\Users\Benjamin Yi\AppData\Local\Programs\MiKTeX 2.9\tex\latex\amsmath\amsm
ath.sty"
Package: amsmath 2017/09/02 v2.17a AMS math features
\@mathmargin=\skip43

For additional information on amsmath, use the `?' option.

("C:\Users\Benjamin Yi\AppData\Local\Programs\MiKTeX 2.9\tex\latex\amsmath\amst
ext.sty"
Package: amstext 2000/06/29 v2.01 AMS text

("C:\Users\Benjamin Yi\AppData\Local\Programs\MiKTeX 2.9\tex\latex\amsmath\amsg
en.sty"
File: amsgen.sty 1999/11/30 v2.0 generic functions
\@emptytoks=\toks18
\ex@=\dimen111
))
("C:\Users\Benjamin Yi\AppData\Local\Programs\MiKTeX 2.9\tex\latex\amsmath\amsb
sy.sty"
Package: amsbsy 1999/11/29 v1.2d Bold Symbols
\pmbraise@=\dimen112
)
("C:\Users\Benjamin Yi\AppData\Local\Programs\MiKTeX 2.9\tex\latex\amsmath\amso
pn.sty"
Package: amsopn 2016/03/08 v2.02 operator names
)
\inf@bad=\count90
LaTeX Info: Redefining \frac on input line 213.
\uproot@=\count91
\leftroot@=\count92
LaTeX Info: Redefining \overline on input line 375.
\classnum@=\count93
\DOTSCASE@=\count94
LaTeX Info: Redefining \ldots on input line 472.
LaTeX Info: Redefining \dots on input line 475.
LaTeX Info: Redefining \cdots on input line 596.
\Mathstrutbox@=\box26
\strutbox@=\box27
\big@size=\dimen113
LaTeX Font Info:    Redeclaring font encoding OML on input line 712.
LaTeX Font Info:    Redeclaring font encoding OMS on input line 713.
\macc@depth=\count95
\c@MaxMatrixCols=\count96
\dotsspace@=\muskip10
\c@parentequation=\count97
\dspbrk@lvl=\count98
\tag@help=\toks19
\row@=\count99
\column@=\count100
\maxfields@=\count101
\andhelp@=\toks20
\eqnshift@=\dimen114
\alignsep@=\dimen115
\tagshift@=\dimen116
\tagwidth@=\dimen117
\totwidth@=\dimen118
\lineht@=\dimen119
\@envbody=\toks21
\multlinegap=\skip44
\multlinetaggap=\skip45
\mathdisplay@stack=\toks22
LaTeX Info: Redefining \[ on input line 2817.
LaTeX Info: Redefining \] on input line 2818.
)
("C:\Users\Benjamin Yi\AppData\Local\Programs\MiKTeX 2.9\tex\latex\amsfonts\ams
fonts.sty"
Package: amsfonts 2013/01/14 v3.01 Basic AMSFonts support
\symAMSa=\mathgroup4
\symAMSb=\mathgroup5
LaTeX Font Info:    Overwriting math alphabet `\mathfrak' in version `bold'
(Font)                  U/euf/m/n --> U/euf/b/n on input line 106.
)
("C:\Users\Benjamin Yi\AppData\Local\Programs\MiKTeX 2.9\tex\latex\amsfonts\ams
symb.sty"
Package: amssymb 2013/01/14 v3.01 AMS font symbols
)
("C:\Users\Benjamin Yi\AppData\Local\Programs\MiKTeX 2.9\tex\latex\mathtools\ma
thtools.sty"
Package: mathtools 2018/01/08 v1.21 mathematical typesetting tools

("C:\Users\Benjamin Yi\AppData\Local\Programs\MiKTeX 2.9\tex\latex\tools\calc.s
ty"
Package: calc 2014/10/28 v4.3 Infix arithmetic (KKT,FJ)
\calc@Acount=\count102
\calc@Bcount=\count103
\calc@Adimen=\dimen120
\calc@Bdimen=\dimen121
\calc@Askip=\skip46
\calc@Bskip=\skip47
LaTeX Info: Redefining \setlength on input line 80.
LaTeX Info: Redefining \addtolength on input line 81.
\calc@Ccount=\count104
\calc@Cskip=\skip48
)
("C:\Users\Benjamin Yi\AppData\Local\Programs\MiKTeX 2.9\tex\latex\mathtools\mh
setup.sty"
Package: mhsetup 2017/03/31 v1.3 programming setup (MH)
)
LaTeX Info: Thecontrolsequence`\('isalreadyrobust on input line 129.
LaTeX Info: Thecontrolsequence`\)'isalreadyrobust on input line 129.
LaTeX Info: Thecontrolsequence`\['isalreadyrobust on input line 129.
LaTeX Info: Thecontrolsequence`\]'isalreadyrobust on input line 129.
\g_MT_multlinerow_int=\count105
\l_MT_multwidth_dim=\dimen122
\origjot=\skip49
\l_MT_shortvdotswithinadjustabove_dim=\dimen123
\l_MT_shortvdotswithinadjustbelow_dim=\dimen124
\l_MT_above_intertext_sep=\dimen125
\l_MT_below_intertext_sep=\dimen126
\l_MT_above_shortintertext_sep=\dimen127
\l_MT_below_shortintertext_sep=\dimen128
)
("C:\Users\Benjamin Yi\AppData\Local\Programs\MiKTeX 2.9\tex\latex\graphics\gra
phicx.sty"
Package: graphicx 2017/06/01 v1.1a Enhanced LaTeX Graphics (DPC,SPQR)

("C:\Users\Benjamin Yi\AppData\Local\Programs\MiKTeX 2.9\tex\latex\graphics\gra
phics.sty"
Package: graphics 2017/06/25 v1.2c Standard LaTeX Graphics (DPC,SPQR)

("C:\Users\Benjamin Yi\AppData\Local\Programs\MiKTeX 2.9\tex\latex\graphics\tri
g.sty"
Package: trig 2016/01/03 v1.10 sin cos tan (DPC)
)
("C:\Users\Benjamin Yi\AppData\Local\Programs\MiKTeX 2.9\tex\latex\graphics-cfg
\graphics.cfg"
File: graphics.cfg 2016/06/04 v1.11 sample graphics configuration
)
Package graphics Info: Driver file: pdftex.def on input line 99.

("C:\Users\Benjamin Yi\AppData\Local\Programs\MiKTeX 2.9\tex\latex\graphics-def
\pdftex.def"
File: pdftex.def 2018/01/08 v1.0l Graphics/color driver for pdftex
))
\Gin@req@height=\dimen129
\Gin@req@width=\dimen130
)
("C:\Users\Benjamin Yi\AppData\Local\Programs\MiKTeX 2.9\tex\latex\float\float.
sty"
Package: float 2001/11/08 v1.3d Float enhancements (AL)
\c@float@type=\count106
\float@exts=\toks23
\float@box=\box28
\@float@everytoks=\toks24
\@floatcapt=\box29
)
("C:\Users\Benjamin Yi\AppData\Local\Programs\MiKTeX 2.9\tex\latex\graphics\col
or.sty"
Package: color 2016/07/10 v1.1e Standard LaTeX Color (DPC)

("C:\Users\Benjamin Yi\AppData\Local\Programs\MiKTeX 2.9\tex\latex\graphics-cfg
\color.cfg"
File: color.cfg 2016/01/02 v1.6 sample color configuration
)
Package color Info: Driver file: pdftex.def on input line 147.

("C:\Users\Benjamin Yi\AppData\Local\Programs\MiKTeX 2.9\tex\latex\graphics\dvi
psnam.def"
File: dvipsnam.def 2016/06/17 v3.0m Driver-dependent file (DPC,SPQR)
))
("C:\Users\Benjamin Yi\AppData\Local\Programs\MiKTeX 2.9\tex\latex\fancyhdr\fan
cyhdr.sty"
Package: fancyhdr 2017/06/30 v3.9a Extensive control of page headers and footer
s
\f@nch@headwidth=\skip50
\f@nch@O@elh=\skip51
\f@nch@O@erh=\skip52
\f@nch@O@olh=\skip53
\f@nch@O@orh=\skip54
\f@nch@O@elf=\skip55
\f@nch@O@erf=\skip56
\f@nch@O@olf=\skip57
\f@nch@O@orf=\skip58
)
("C:\Users\Benjamin Yi\AppData\Local\Programs\MiKTeX 2.9\tex\latex\enumitem\enu
mitem.sty"
Package: enumitem 2011/09/28 v3.5.2 Customized lists
\labelindent=\skip59
\enit@outerparindent=\dimen131
\enit@toks=\toks25
\enit@inbox=\box30
\enitdp@description=\count107
)
("C:\Users\Benjamin Yi\AppData\Local\Programs\MiKTeX 2.9\tex\latex\listings\lis
tings.sty"
\lst@mode=\count108
\lst@gtempboxa=\box31
\lst@token=\toks26
\lst@length=\count109
\lst@currlwidth=\dimen132
\lst@column=\count110
\lst@pos=\count111
\lst@lostspace=\dimen133
\lst@width=\dimen134
\lst@newlines=\count112
\lst@lineno=\count113
\lst@maxwidth=\dimen135

("C:\Users\Benjamin Yi\AppData\Local\Programs\MiKTeX 2.9\tex\latex\listings\lst
misc.sty"
File: lstmisc.sty 2015/06/04 1.6 (Carsten Heinz)
\c@lstnumber=\count114
\lst@skipnumbers=\count115
\lst@framebox=\box32
)
("C:\Users\Benjamin Yi\AppData\Local\Programs\MiKTeX 2.9\tex\latex\listings\lis
tings.cfg"
File: listings.cfg 2015/06/04 1.6 listings configuration
))
Package: listings 2015/06/04 1.6 (Carsten Heinz)

("C:\Users\Benjamin Yi\AppData\Local\Programs\MiKTeX 2.9\tex\latex\listings\lst
lang1.sty"
File: lstlang1.sty 2015/06/04 1.6 listings language file
) (byi649.aux)
\openout1 = `byi649.aux'.

LaTeX Font Info:    Checking defaults for OML/cmm/m/it on input line 26.
LaTeX Font Info:    ... okay on input line 26.
LaTeX Font Info:    Checking defaults for T1/cmr/m/n on input line 26.
LaTeX Font Info:    ... okay on input line 26.
LaTeX Font Info:    Checking defaults for OT1/cmr/m/n on input line 26.
LaTeX Font Info:    ... okay on input line 26.
LaTeX Font Info:    Checking defaults for OMS/cmsy/m/n on input line 26.
LaTeX Font Info:    ... okay on input line 26.
LaTeX Font Info:    Checking defaults for OMX/cmex/m/n on input line 26.
LaTeX Font Info:    ... okay on input line 26.
LaTeX Font Info:    Checking defaults for U/cmr/m/n on input line 26.
LaTeX Font Info:    ... okay on input line 26.

*geometry* driver: auto-detecting
*geometry* detected driver: pdftex
*geometry* verbose mode - [ preamble ] result:
* driver: pdftex
* paper: a4paper
* layout: <same size as paper>
* layoutoffset:(h,v)=(0.0pt,0.0pt)
* modes: 
* h-part:(L,W,R)=(63.87643pt, 469.75499pt, 63.87645pt)
* v-part:(T,H,B)=(77.84674pt, 650.43pt, 116.77011pt)
* \paperwidth=597.50787pt
* \paperheight=845.04684pt
* \textwidth=469.75499pt
* \textheight=650.43pt
* \oddsidemargin=-8.39355pt
* \evensidemargin=-8.39355pt
* \topmargin=-31.42325pt
* \headheight=15.2pt
* \headsep=25.0pt
* \topskip=10.0pt
* \footskip=30.0pt
* \marginparwidth=57.0pt
* \marginparsep=11.0pt
* \columnsep=10.0pt
* \skip\footins=9.0pt plus 4.0pt minus 2.0pt
* \hoffset=0.0pt
* \voffset=0.0pt
* \mag=1000
* \@twocolumnfalse
* \@twosidefalse
* \@mparswitchfalse
* \@reversemarginfalse
* (1in=72.27pt=25.4mm, 1cm=28.453pt)


("C:\Users\Benjamin Yi\AppData\Local\Programs\MiKTeX 2.9\tex\context\base\supp-
pdf.mkii"
[Loading MPS to PDF converter (version 2006.09.02).]
\scratchcounter=\count116
\scratchdimen=\dimen136
\scratchbox=\box33
\nofMPsegments=\count117
\nofMParguments=\count118
\everyMPshowfont=\toks27
\MPscratchCnt=\count119
\MPscratchDim=\dimen137
\MPnumerator=\count120
\makeMPintoPDFobject=\count121
\everyMPtoPDFconversion=\toks28
)
("C:\Users\Benjamin Yi\AppData\Local\Programs\MiKTeX 2.9\tex\latex\oberdiek\eps
topdf-base.sty"
Package: epstopdf-base 2016/05/15 v2.6 Base part for package epstopdf

("C:\Users\Benjamin Yi\AppData\Local\Programs\MiKTeX 2.9\tex\generic\oberdiek\i
nfwarerr.sty"
Package: infwarerr 2016/05/16 v1.4 Providing info/warning/error messages (HO)
)
("C:\Users\Benjamin Yi\AppData\Local\Programs\MiKTeX 2.9\tex\latex\oberdiek\grf
ext.sty"
Package: grfext 2016/05/16 v1.2 Manage graphics extensions (HO)

("C:\Users\Benjamin Yi\AppData\Local\Programs\MiKTeX 2.9\tex\generic\oberdiek\k
vdefinekeys.sty"
Package: kvdefinekeys 2016/05/16 v1.4 Define keys (HO)

("C:\Users\Benjamin Yi\AppData\Local\Programs\MiKTeX 2.9\tex\generic\oberdiek\l
txcmds.sty"
Package: ltxcmds 2016/05/16 v1.23 LaTeX kernel commands for general use (HO)
)))
("C:\Users\Benjamin Yi\AppData\Local\Programs\MiKTeX 2.9\tex\latex\oberdiek\kvo
ptions.sty"
Package: kvoptions 2016/05/16 v3.12 Key value format for package options (HO)

("C:\Users\Benjamin Yi\AppData\Local\Programs\MiKTeX 2.9\tex\generic\oberdiek\k
vsetkeys.sty"
Package: kvsetkeys 2016/05/16 v1.17 Key value parser (HO)

("C:\Users\Benjamin Yi\AppData\Local\Programs\MiKTeX 2.9\tex\generic\oberdiek\e
texcmds.sty"
Package: etexcmds 2016/05/16 v1.6 Avoid name clashes with e-TeX commands (HO)

("C:\Users\Benjamin Yi\AppData\Local\Programs\MiKTeX 2.9\tex\generic\oberdiek\i
fluatex.sty"
Package: ifluatex 2016/05/16 v1.4 Provides the ifluatex switch (HO)
Package ifluatex Info: LuaTeX not detected.
)
Package etexcmds Info: Could not find \expanded.
(etexcmds)             That can mean that you are not using pdfTeX 1.50 or
(etexcmds)             that some package has redefined \expanded.
(etexcmds)             In the latter case, load this package earlier.
)))
("C:\Users\Benjamin Yi\AppData\Local\Programs\MiKTeX 2.9\tex\generic\oberdiek\p
dftexcmds.sty"
Package: pdftexcmds 2018/01/21 v0.26 Utility functions of pdfTeX for LuaTeX (HO
)
Package pdftexcmds Info: LuaTeX not detected.
Package pdftexcmds Info: \pdf@primitive is available.
Package pdftexcmds Info: \pdf@ifprimitive is available.
Package pdftexcmds Info: \pdfdraftmode found.
)
Package epstopdf-base Info: Redefining graphics rule for `.eps' on input line 4
38.
Package grfext Info: Graphics extension search list:
(grfext)             [.pdf,.png,.jpg,.mps,.jpeg,.jbig2,.jb2,.PDF,.PNG,.JPG,.JPE
G,.JBIG2,.JB2,.eps]
(grfext)             \AppendGraphicsExtensions on input line 456.
)
\c@lstlisting=\count122
LaTeX Font Info:    Try loading font information for U+msa on input line 33.

("C:\Users\Benjamin Yi\AppData\Local\Programs\MiKTeX 2.9\tex\latex\amsfonts\ums
a.fd"
File: umsa.fd 2013/01/14 v3.01 AMS symbols A
)
LaTeX Font Info:    Try loading font information for U+msb on input line 33.

("C:\Users\Benjamin Yi\AppData\Local\Programs\MiKTeX 2.9\tex\latex\amsfonts\ums
b.fd"
File: umsb.fd 2013/01/14 v3.01 AMS symbols B
)

Package amsmath Warning: Foreign command \atopwithdelims;
(amsmath)                \frac or \genfrac should be used instead
(amsmath)                 on input line 44.

[1{C:/Users/Benjamin Yi/AppData/Local/MiKTeX/2.9/pdftex/config/pdftex.map}

]
<q2hist.jpg, id=13, 660.21657pt x 319.94531pt>
File: q2hist.jpg Graphic file (type jpg)
<use q2hist.jpg>
Package pdftex.def Info: q2hist.jpg  used on input line 51.
(pdftex.def)             Requested size: 328.82706pt x 159.35712pt.

[2 <./q2hist.jpg>] [3]
Underfull \hbox (badness 10000) in paragraph at lines 112--113

 []

(generate.py
LaTeX Font Info:    Font shape `OT1/cmtt/bx/n' in size <10> not available
(Font)              Font shape `OT1/cmtt/m/n' tried instead on input line 1.
)
<q3hist.jpg, id=20, 689.57625pt x 315.42844pt>
File: q3hist.jpg Graphic file (type jpg)
<use q3hist.jpg>
Package pdftex.def Info: q3hist.jpg  used on input line 117.
(pdftex.def)             Requested size: 328.82706pt x 150.41243pt.
 [4 <./q3hist.jpg>] [5] [6] [7]
Underfull \hbox (badness 10000) in paragraph at lines 213--214

 []

(mc.py) [8]
Underfull \hbox (badness 10000) in paragraph at lines 241--242

 []

[9] (byi649.aux) ) 
Here is how much of TeX's memory you used:
 5936 strings out of 493305
 85392 string characters out of 3127190
 233534 words of memory out of 3000000
 9387 multiletter control sequences out of 15000+200000
 9212 words of font info for 37 fonts, out of 3000000 for 9000
 1141 hyphenation exceptions out of 8191
 41i,12n,43p,355b,1227s stack positions out of 5000i,500n,10000p,200000b,50000s
<C:/Users/Benjamin Yi/AppData/Local/Programs/MiKTeX 2.9/fonts
/type1/public/amsfonts/cm/cmbx12.pfb><C:/Users/Benjamin Yi/AppData/Local/Progra
ms/MiKTeX 2.9/fonts/type1/public/amsfonts/cm/cmex10.pfb><C:/Users/Benjamin Yi/A
ppData/Local/Programs/MiKTeX 2.9/fonts/type1/public/amsfonts/cm/cmmi10.pfb><C:/
Users/Benjamin Yi/AppData/Local/Programs/MiKTeX 2.9/fonts/type1/public/amsfonts
/cm/cmmi5.pfb><C:/Users/Benjamin Yi/AppData/Local/Programs/MiKTeX 2.9/fonts/typ
e1/public/amsfonts/cm/cmmi7.pfb><C:/Users/Benjamin Yi/AppData/Local/Programs/Mi
KTeX 2.9/fonts/type1/public/amsfonts/cm/cmr10.pfb><C:/Users/Benjamin Yi/AppData
/Local/Programs/MiKTeX 2.9/fonts/type1/public/amsfonts/cm/cmr6.pfb><C:/Users/Be
njamin Yi/AppData/Local/Programs/MiKTeX 2.9/fonts/type1/public/amsfonts/cm/cmr7
.pfb><C:/Users/Benjamin Yi/AppData/Local/Programs/MiKTeX 2.9/fonts/type1/public
/amsfonts/cm/cmr8.pfb><C:/Users/Benjamin Yi/AppData/Local/Programs/MiKTeX 2.9/f
onts/type1/public/amsfonts/cm/cmsy10.pfb><C:/Users/Benjamin Yi/AppData/Local/Pr
ograms/MiKTeX 2.9/fonts/type1/public/amsfonts/cm/cmsy7.pfb><C:/Users/Benjamin Y
i/AppData/Local/Programs/MiKTeX 2.9/fonts/type1/public/amsfonts/cm/cmtt10.pfb>
Output written on byi649.pdf (9 pages, 239878 bytes).
PDF statistics:
 82 PDF objects out of 1000 (max. 8388607)
 0 named destinations out of 1000 (max. 500000)
 11 words of extra memory for PDF output out of 10000 (max. 10000000)

